<?xml version="1.0" encoding="UTF-8" ?>
<testsuite tests="40" failures="0" name="com.executor.TestRunner" time="0.003" errors="0" skipped="0">
  <properties>
[...]
</properties>
  <testcase classname="| h2so4in2008@gmail.com | Qazplm123 |" name="Given I want to navigate to box website" time="0.002"/>
  <testcase classname="| h2so4in2008@gmail.com | Qazplm123 |" name="Then page with title &quot;Box | Login&quot; should open" time="0"/>
  <testcase classname="| h2so4in2008@gmail.com | Qazplm123 |" name="When user enter &quot;h2so4in2008@gmail.com&quot; username" time="0"/>
  <testcase classname="| h2so4in2008@gmail.com | Qazplm123 |" name="And Click on Next button" time="0"/>
  <testcase classname="| h2so4in2008@gmail.com | Qazplm123 |" name="Then User should be able to enter &quot;Qazplm123&quot; password" time="0"/>
  <testcase classname="| h2so4in2008@gmail.com | Qazplm123 |" name="And user clicks on login button" time="0"/>
  <testcase classname="| h2so4in2008@gmail.com | Qazplm123 |" name="Then page with title &quot;All Files | Powered By Box&quot; should open" time="0"/>
  <testcase classname="| h2so4in2008@gmail.com | Qazplm123 |" name="When user clicks on logout button" time="0"/>
  <testcase classname="| h2so4in2008@gmail.com | Qazplm123 |" name="Then page with title &quot;Box | Login&quot; should open" time="0"/>
  <testcase classname="| h2so4in2008@gmail.com | Qazplm123 |" name="| h2so4in2008@gmail.com | Qazplm123 |" time="0"/>
  <testcase classname="| nancydhingra131@gmail.com | nancy131 |" name="Given I want to navigate to box website" time="0"/>
  <testcase classname="| nancydhingra131@gmail.com | nancy131 |" name="Then page with title &quot;Box | Login&quot; should open" time="0"/>
  <testcase classname="| nancydhingra131@gmail.com | nancy131 |" name="When user enter &quot;nancydhingra131@gmail.com&quot; username" time="0"/>
  <testcase classname="| nancydhingra131@gmail.com | nancy131 |" name="And Click on Next button" time="0"/>
  <testcase classname="| nancydhingra131@gmail.com | nancy131 |" name="Then User should be able to enter &quot;nancy131&quot; password" time="0"/>
  <testcase classname="| nancydhingra131@gmail.com | nancy131 |" name="And user clicks on login button" time="0"/>
  <testcase classname="| nancydhingra131@gmail.com | nancy131 |" name="Then page with title &quot;All Files | Powered By Box&quot; should open" time="0"/>
  <testcase classname="| nancydhingra131@gmail.com | nancy131 |" name="When user clicks on logout button" time="0"/>
  <testcase classname="| nancydhingra131@gmail.com | nancy131 |" name="Then page with title &quot;Box | Login&quot; should open" time="0"/>
  <testcase classname="| nancydhingra131@gmail.com | nancy131 |" name="| nancydhingra131@gmail.com | nancy131 |" time="0"/>
  <testcase classname="| h2so4in2008@gmail.com | Qazplm123 |" name="Given I want to navigate to box website" time="0"/>
  <testcase classname="| h2so4in2008@gmail.com | Qazplm123 |" name="Then page with title &quot;Box | Login&quot; should open" time="0"/>
  <testcase classname="| h2so4in2008@gmail.com | Qazplm123 |" name="When user enter &quot;h2so4in2008@gmail.com&quot; username" time="0"/>
  <testcase classname="| h2so4in2008@gmail.com | Qazplm123 |" name="And Click on Next button" time="0"/>
  <testcase classname="| h2so4in2008@gmail.com | Qazplm123 |" name="Then User should be able to enter &quot;Qazplm123&quot; password" time="0"/>
  <testcase classname="| h2so4in2008@gmail.com | Qazplm123 |" name="And user clicks on login button" time="0"/>
  <testcase classname="| h2so4in2008@gmail.com | Qazplm123 |" name="Then page with title &quot;All Files | Powered By Box&quot; should open" time="0"/>
  <testcase classname="| h2so4in2008@gmail.com | Qazplm123 |" name="When click on new button" time="0"/>
  <testcase classname="| h2so4in2008@gmail.com | Qazplm123 |" name="And click on new folder link" time="0"/>
  <testcase classname="| h2so4in2008@gmail.com | Qazplm123 |" name="Then Create folder pop up should get open" time="0"/>
  <testcase classname="| h2so4in2008@gmail.com | Qazplm123 |" name="And enter folder name given below:" time="0"/>
  <testcase classname="| h2so4in2008@gmail.com | Qazplm123 |" name="And click on create folder button" time="0"/>
  <testcase classname="| h2so4in2008@gmail.com | Qazplm123 |" name="When select the newly created folder row" time="0.001"/>
  <testcase classname="| h2so4in2008@gmail.com | Qazplm123 |" name="And click on Trash link" time="0"/>
  <testcase classname="| h2so4in2008@gmail.com | Qazplm123 |" name="Then confirm popup should get displayed" time="0"/>
  <testcase classname="| h2so4in2008@gmail.com | Qazplm123 |" name="And click on ok button" time="0"/>
  <testcase classname="| h2so4in2008@gmail.com | Qazplm123 |" name="Then page with title &quot;All Files | Powered By Box&quot; should open" time="0"/>
  <testcase classname="| h2so4in2008@gmail.com | Qazplm123 |" name="When user clicks on logout button" time="0"/>
  <testcase classname="| h2so4in2008@gmail.com | Qazplm123 |" name="Then page with title &quot;Box | Login&quot; should open" time="0"/>
  <testcase classname="| h2so4in2008@gmail.com | Qazplm123 |" name="| h2so4in2008@gmail.com | Qazplm123 |" time="0"/>
</testsuite>